0 info it worked if it ends with ok
1 verbose cli [ 'C:\\Program Files\\nodejs\\node.exe',
1 verbose cli   'C:\\Program Files\\nodejs\\node_modules\\npm\\bin\\npm-cli.js',
1 verbose cli   'run',
1 verbose cli   'dev' ]
2 info using npm@3.3.12
3 info using node@v5.3.0
4 verbose run-script [ 'predev', 'dev', 'postdev' ]
5 info lifecycle vue-devtools@2.1.2~predev: vue-devtools@2.1.2
6 silly lifecycle vue-devtools@2.1.2~predev: no script for predev, continuing
7 info lifecycle vue-devtools@2.1.2~dev: vue-devtools@2.1.2
8 verbose lifecycle vue-devtools@2.1.2~dev: unsafe-perm in lifecycle true
9 verbose lifecycle vue-devtools@2.1.2~dev: PATH: C:\Program Files\nodejs\node_modules\npm\bin\node-gyp-bin;D:\vue-devtools\node_modules\.bin;C:\Windows\system32;C:\Windows;C:\Windows\System32\Wbem;C:\Windows\System32\WindowsPowerShell\v1.0\;C:\Program Files (x86)\Intel\OpenCL SDK\3.0\bin\x86;C:\Program Files (x86)\Intel\OpenCL SDK\3.0\bin\x64;C:\Program Files\nodejs\;C:\Users\Teng\AppData\Roaming\npm
10 verbose lifecycle vue-devtools@2.1.2~dev: CWD: D:\vue-devtools
11 silly lifecycle vue-devtools@2.1.2~dev: Args: [ '/d /s /c',
11 silly lifecycle   'cd shells/dev && webpack-dev-server --inline --hot --no-info' ]
12 silly lifecycle vue-devtools@2.1.2~dev: Returned: code: 1  signal: null
13 info lifecycle vue-devtools@2.1.2~dev: Failed to exec dev script
14 verbose stack Error: vue-devtools@2.1.2 dev: `cd shells/dev && webpack-dev-server --inline --hot --no-info`
14 verbose stack Exit status 1
14 verbose stack     at EventEmitter.<anonymous> (C:\Program Files\nodejs\node_modules\npm\lib\utils\lifecycle.js:232:16)
14 verbose stack     at emitTwo (events.js:87:13)
14 verbose stack     at EventEmitter.emit (events.js:172:7)
14 verbose stack     at ChildProcess.<anonymous> (C:\Program Files\nodejs\node_modules\npm\lib\utils\spawn.js:24:14)
14 verbose stack     at emitTwo (events.js:87:13)
14 verbose stack     at ChildProcess.emit (events.js:172:7)
14 verbose stack     at maybeClose (internal/child_process.js:818:16)
14 verbose stack     at Process.ChildProcess._handle.onexit (internal/child_process.js:211:5)
15 verbose pkgid vue-devtools@2.1.2
16 verbose cwd D:\vue-devtools
17 error Windows_NT 6.1.7601
18 error argv "C:\\Program Files\\nodejs\\node.exe" "C:\\Program Files\\nodejs\\node_modules\\npm\\bin\\npm-cli.js" "run" "dev"
19 error node v5.3.0
20 error npm  v3.3.12
21 error code ELIFECYCLE
22 error vue-devtools@2.1.2 dev: `cd shells/dev && webpack-dev-server --inline --hot --no-info`
22 error Exit status 1
23 error Failed at the vue-devtools@2.1.2 dev script 'cd shells/dev && webpack-dev-server --inline --hot --no-info'.
23 error Make sure you have the latest version of node.js and npm installed.
23 error If you do, this is most likely a problem with the vue-devtools package,
23 error not with npm itself.
23 error Tell the author that this fails on your system:
23 error     cd shells/dev && webpack-dev-server --inline --hot --no-info
23 error You can get their info via:
23 error     npm owner ls vue-devtools
23 error There is likely additional logging output above.
24 verbose exit [ 1, true ]
